<?xml version="1.0" encoding="UTF-8"?>
<Site BuildName="Linux-g++"
	BuildStamp="20240611-1422-Experimental"
	Name="ethercat-master"
	Generator="ctest-3.22.1"
	CompilerName="/usr/bin/g++"
	CompilerVersion="11.4.0"
	OSName="Linux"
	Hostname="ethercat-master"
	OSRelease="5.15.158-rt76"
	OSVersion="#2 SMP PREEMPT_RT Fri May 24 13:19:52 MSK 2024"
	OSPlatform="x86_64"
	Is64Bits="1"
	VendorString="GenuineIntel"
	VendorID="Intel Corporation"
	FamilyID="6"
	ModelID="158"
	ProcessorCacheSize="6144"
	NumberOfLogicalCPU="4"
	NumberOfPhysicalCPU="4"
	TotalVirtualMemory="2047"
	TotalPhysicalMemory="15847"
	LogicalProcessorsPerPhysical="1"
	ProcessorClockFrequency="3600"
	>
	<Testing>
		<StartDateTime>Jun 11 18:13 MSK</StartDateTime>
		<StartTestTime>1718118824</StartTestTime>
		<TestList/>
		<EndDateTime>Jun 11 18:13 MSK</EndDateTime>
		<EndTestTime>1718118824</EndTestTime>
		<ElapsedMinutes>0</ElapsedMinutes>
	</Testing>
</Site>
